<?xml version="1.0" encoding="UTF-8"?>
<!-- Generated by org.testng.reporters.JUnitReportReporter -->
<testsuite hostname="LAP-10" name="practise.tutorial.Test1" tests="1" failures="0" timestamp="7 Feb 2020 11:02:57 GMT" time="2.791" errors="1">
  <testcase name="toTestSomething" time="2.791" classname="practise.tutorial.Test1">
    <error type="org.openqa.selenium.SessionNotCreatedException" message="session not created: This version of ChromeDriver only supports Chrome version 78
Build info: version: &#039;3.6.0&#039;, revision: &#039;6fbf3ec767&#039;, time: &#039;2017-09-27T15:28:36.4Z&#039;
System info: host: &#039;LAP-10&#039;, ip: &#039;192.168.46.54&#039;, os.name: &#039;Windows 8.1&#039;, os.arch: &#039;amd64&#039;, os.version: &#039;6.3&#039;, java.version: &#039;1.8.0_131&#039;
Driver info: driver.version: ChromeDriver
remote stacktrace: Backtrace:
	Ordinal0 [0x003AA903+1550595]
	Ordinal0 [0x0032A701+1025793]
	Ordinal0 [0x002AC6E5+509669]
	Ordinal0 [0x0023FC68+64616]
	Ordinal0 [0x0023C594+50580]
	Ordinal0 [0x0025ACE7+175335]
	Ordinal0 [0x0025A8ED+174317]
	Ordinal0 [0x00258CDB+167131]
	Ordinal0 [0x0024144A+70730]
	Ordinal0 [0x002424D0+74960]
	Ordinal0 [0x00242469+74857]
	Ordinal0 [0x003442C7+1131207]
	GetHandleVerifier [0x004470FD+523789]
	GetHandleVerifier [0x00446E90+523168]
	GetHandleVerifier [0x0044E1E7+552695]
	GetHandleVerifier [0x004478FA+525834]
	Ordinal0 [0x0033B7FC+1095676]
	Ordinal0 [0x0034633B+1139515]
	Ordinal0 [0x003464A3+1139875]
	Ordinal0 [0x00345425+1135653]
	BaseThreadInitThunk [0x75106A14+36]
	RtlInitializeExceptionChain [0x770DAD8F+143]
	RtlInitializeExceptionChain [0x770DAD5A+90]
">
      <![CDATA[org.openqa.selenium.SessionNotCreatedException: session not created: This version of ChromeDriver only supports Chrome version 78
Build info: version: '3.6.0', revision: '6fbf3ec767', time: '2017-09-27T15:28:36.4Z'
System info: host: 'LAP-10', ip: '192.168.46.54', os.name: 'Windows 8.1', os.arch: 'amd64', os.version: '6.3', java.version: '1.8.0_131'
Driver info: driver.version: ChromeDriver
remote stacktrace: Backtrace:
	Ordinal0 [0x003AA903+1550595]
	Ordinal0 [0x0032A701+1025793]
	Ordinal0 [0x002AC6E5+509669]
	Ordinal0 [0x0023FC68+64616]
	Ordinal0 [0x0023C594+50580]
	Ordinal0 [0x0025ACE7+175335]
	Ordinal0 [0x0025A8ED+174317]
	Ordinal0 [0x00258CDB+167131]
	Ordinal0 [0x0024144A+70730]
	Ordinal0 [0x002424D0+74960]
	Ordinal0 [0x00242469+74857]
	Ordinal0 [0x003442C7+1131207]
	GetHandleVerifier [0x004470FD+523789]
	GetHandleVerifier [0x00446E90+523168]
	GetHandleVerifier [0x0044E1E7+552695]
	GetHandleVerifier [0x004478FA+525834]
	Ordinal0 [0x0033B7FC+1095676]
	Ordinal0 [0x0034633B+1139515]
	Ordinal0 [0x003464A3+1139875]
	Ordinal0 [0x00345425+1135653]
	BaseThreadInitThunk [0x75106A14+36]
	RtlInitializeExceptionChain [0x770DAD8F+143]
	RtlInitializeExceptionChain [0x770DAD5A+90]

	at sun.reflect.NativeConstructorAccessorImpl.newInstance0(Native Method)
	at sun.reflect.NativeConstructorAccessorImpl.newInstance(NativeConstructorAccessorImpl.java:62)
	at sun.reflect.DelegatingConstructorAccessorImpl.newInstance(DelegatingConstructorAccessorImpl.java:45)
	at java.lang.reflect.Constructor.newInstance(Constructor.java:423)
	at org.openqa.selenium.remote.W3CHandshakeResponse.lambda$new$0(W3CHandshakeResponse.java:57)
	at org.openqa.selenium.remote.W3CHandshakeResponse.lambda$getResponseFunction$2(W3CHandshakeResponse.java:104)
	at org.openqa.selenium.remote.ProtocolHandshake.lambda$createSession$24(ProtocolHandshake.java:359)
	at java.util.stream.ReferencePipeline$3$1.accept(ReferencePipeline.java:193)
	at java.util.Spliterators$ArraySpliterator.tryAdvance(Spliterators.java:958)
	at java.util.stream.ReferencePipeline.forEachWithCancel(ReferencePipeline.java:126)
	at java.util.stream.AbstractPipeline.copyIntoWithCancel(AbstractPipeline.java:498)
	at java.util.stream.AbstractPipeline.copyInto(AbstractPipeline.java:485)
	at java.util.stream.AbstractPipeline.wrapAndCopyInto(AbstractPipeline.java:471)
	at java.util.stream.FindOps$FindOp.evaluateSequential(FindOps.java:152)
	at java.util.stream.AbstractPipeline.evaluate(AbstractPipeline.java:234)
	at java.util.stream.ReferencePipeline.findFirst(ReferencePipeline.java:464)
	at org.openqa.selenium.remote.ProtocolHandshake.createSession(ProtocolHandshake.java:362)
	at org.openqa.selenium.remote.ProtocolHandshake.createSession(ProtocolHandshake.java:136)
	at org.openqa.selenium.remote.HttpCommandExecutor.execute(HttpCommandExecutor.java:142)
	at org.openqa.selenium.remote.service.DriverCommandExecutor.execute(DriverCommandExecutor.java:83)
	at org.openqa.selenium.remote.RemoteWebDriver.execute(RemoteWebDriver.java:586)
	at org.openqa.selenium.remote.RemoteWebDriver.startSession(RemoteWebDriver.java:217)
	at org.openqa.selenium.remote.RemoteWebDriver.<init>(RemoteWebDriver.java:140)
	at org.openqa.selenium.chrome.ChromeDriver.<init>(ChromeDriver.java:181)
	at org.openqa.selenium.chrome.ChromeDriver.<init>(ChromeDriver.java:168)
	at org.openqa.selenium.chrome.ChromeDriver.<init>(ChromeDriver.java:123)
	at practise.tutorial.Test1.toTestSomething(Test1.java:29)
	at sun.reflect.NativeMethodAccessorImpl.invoke0(Native Method)
	at sun.reflect.NativeMethodAccessorImpl.invoke(NativeMethodAccessorImpl.java:62)
	at sun.reflect.DelegatingMethodAccessorImpl.invoke(DelegatingMethodAccessorImpl.java:43)
	at java.lang.reflect.Method.invoke(Method.java:498)
	at org.testng.internal.MethodInvocationHelper.invokeMethod(MethodInvocationHelper.java:86)
	at org.testng.internal.Invoker.invokeMethod(Invoker.java:643)
	at org.testng.internal.Invoker.invokeTestMethod(Invoker.java:820)
	at org.testng.internal.Invoker.invokeTestMethods(Invoker.java:1128)
	at org.testng.internal.TestMethodWorker.invokeTestMethods(TestMethodWorker.java:129)
	at org.testng.internal.TestMethodWorker.run(TestMethodWorker.java:112)
	at org.testng.TestRunner.privateRun(TestRunner.java:782)
	at org.testng.TestRunner.run(TestRunner.java:632)
	at org.testng.SuiteRunner.runTest(SuiteRunner.java:366)
	at org.testng.SuiteRunner.runSequentially(SuiteRunner.java:361)
	at org.testng.SuiteRunner.privateRun(SuiteRunner.java:319)
	at org.testng.SuiteRunner.run(SuiteRunner.java:268)
	at org.testng.SuiteRunnerWorker.runSuite(SuiteRunnerWorker.java:52)
	at org.testng.SuiteRunnerWorker.run(SuiteRunnerWorker.java:86)
	at org.testng.TestNG.runSuitesSequentially(TestNG.java:1244)
	at org.testng.TestNG.runSuitesLocally(TestNG.java:1169)
	at org.testng.TestNG.run(TestNG.java:1064)
	at org.testng.remote.AbstractRemoteTestNG.run(AbstractRemoteTestNG.java:115)
	at org.testng.remote.RemoteTestNG.initAndRun(RemoteTestNG.java:251)
	at org.testng.remote.RemoteTestNG.main(RemoteTestNG.java:77)
]]>
    </error>
  </testcase> <!-- toTestSomething -->
</testsuite> <!-- practise.tutorial.Test1 -->
