<?xml version="1.0" encoding="UTF-8"?>
<!-- Generated by org.testng.reporters.JUnitXMLReporter -->
<testsuite hostname="LAP-10" name="Test" tests="2" failures="1" timestamp="7 Feb 2020 11:02:57 GMT" time="3.052" errors="0">
  <testcase name="testApp" time="0.093" classname="practise.tutorial.AppTest"/>
  <testcase name="toTestSomething" time="2.791" classname="practise.tutorial.Test1">
    <failure type="org.openqa.selenium.SessionNotCreatedException" message="session not created: This version of ChromeDriver only supports Chrome version 78
Build info: version: &amp;apos;3.6.0&amp;apos;, revision: &amp;apos;6fbf3ec767&amp;apos;, time: &amp;apos;2017-09-27T15:28:36.4Z&amp;apos;
System info: host: &amp;apos;LAP-10&amp;apos;, ip: &amp;apos;192.168.46.54&amp;apos;, os.name: &amp;apos;Windows 8.1&amp;apos;, os.arch: &amp;apos;amd64&amp;apos;, os.version: &amp;apos;6.3&amp;apos;, java.version: &amp;apos;1.8.0_131&amp;apos;
Driver info: driver.version: ChromeDriver
remote stacktrace: Backtrace:
	Ordinal0 [0x003AA903+1550595]
	Ordinal0 [0x0032A701+1025793]
	Ordinal0 [0x002AC6E5+509669]
	Ordinal0 [0x0023FC68+64616]
	Ordinal0 [0x0023C594+50580]
	Ordinal0 [0x0025ACE7+175335]
	Ordinal0 [0x0025A8ED+174317]
	Ordinal0 [0x00258CDB+167131]
	Ordinal0 [0x0024144A+70730]
	Ordinal0 [0x002424D0+74960]
	Ordinal0 [0x00242469+74857]
	Ordinal0 [0x003442C7+1131207]
	GetHandleVerifier [0x004470FD+523789]
	GetHandleVerifier [0x00446E90+523168]
	GetHandleVerifier [0x0044E1E7+552695]
	GetHandleVerifier [0x004478FA+525834]
	Ordinal0 [0x0033B7FC+1095676]
	Ordinal0 [0x0034633B+1139515]
	Ordinal0 [0x003464A3+1139875]
	Ordinal0 [0x00345425+1135653]
	BaseThreadInitThunk [0x75106A14+36]
	RtlInitializeExceptionChain [0x770DAD8F+143]
	RtlInitializeExceptionChain [0x770DAD5A+90]
">
      <![CDATA[org.openqa.selenium.SessionNotCreatedException: session not created: This version of ChromeDriver only supports Chrome version 78
Build info: version: '3.6.0', revision: '6fbf3ec767', time: '2017-09-27T15:28:36.4Z'
System info: host: 'LAP-10', ip: '192.168.46.54', os.name: 'Windows 8.1', os.arch: 'amd64', os.version: '6.3', java.version: '1.8.0_131'
Driver info: driver.version: ChromeDriver
remote stacktrace: Backtrace:
	Ordinal0 [0x003AA903+1550595]
	Ordinal0 [0x0032A701+1025793]
	Ordinal0 [0x002AC6E5+509669]
	Ordinal0 [0x0023FC68+64616]
	Ordinal0 [0x0023C594+50580]
	Ordinal0 [0x0025ACE7+175335]
	Ordinal0 [0x0025A8ED+174317]
	Ordinal0 [0x00258CDB+167131]
	Ordinal0 [0x0024144A+70730]
	Ordinal0 [0x002424D0+74960]
	Ordinal0 [0x00242469+74857]
	Ordinal0 [0x003442C7+1131207]
	GetHandleVerifier [0x004470FD+523789]
	GetHandleVerifier [0x00446E90+523168]
	GetHandleVerifier [0x0044E1E7+552695]
	GetHandleVerifier [0x004478FA+525834]
	Ordinal0 [0x0033B7FC+1095676]
	Ordinal0 [0x0034633B+1139515]
	Ordinal0 [0x003464A3+1139875]
	Ordinal0 [0x00345425+1135653]
	BaseThreadInitThunk [0x75106A14+36]
	RtlInitializeExceptionChain [0x770DAD8F+143]
	RtlInitializeExceptionChain [0x770DAD5A+90]

	at org.openqa.selenium.remote.W3CHandshakeResponse.lambda$new$0(W3CHandshakeResponse.java:57)
	at org.openqa.selenium.remote.W3CHandshakeResponse.lambda$getResponseFunction$2(W3CHandshakeResponse.java:104)
	at org.openqa.selenium.remote.ProtocolHandshake.lambda$createSession$24(ProtocolHandshake.java:359)
	at java.util.stream.ReferencePipeline$3$1.accept(ReferencePipeline.java:193)
	at java.util.Spliterators$ArraySpliterator.tryAdvance(Spliterators.java:958)
	at java.util.stream.ReferencePipeline.forEachWithCancel(ReferencePipeline.java:126)
	at java.util.stream.AbstractPipeline.copyIntoWithCancel(AbstractPipeline.java:498)
	at java.util.stream.AbstractPipeline.copyInto(AbstractPipeline.java:485)
	at java.util.stream.AbstractPipeline.wrapAndCopyInto(AbstractPipeline.java:471)
	at java.util.stream.FindOps$FindOp.evaluateSequential(FindOps.java:152)
	at java.util.stream.AbstractPipeline.evaluate(AbstractPipeline.java:234)
	at java.util.stream.ReferencePipeline.findFirst(ReferencePipeline.java:464)
	at org.openqa.selenium.remote.ProtocolHandshake.createSession(ProtocolHandshake.java:362)
	at org.openqa.selenium.remote.ProtocolHandshake.createSession(ProtocolHandshake.java:136)
	at org.openqa.selenium.remote.HttpCommandExecutor.execute(HttpCommandExecutor.java:142)
	at org.openqa.selenium.remote.service.DriverCommandExecutor.execute(DriverCommandExecutor.java:83)
	at org.openqa.selenium.remote.RemoteWebDriver.execute(RemoteWebDriver.java:586)
	at org.openqa.selenium.remote.RemoteWebDriver.startSession(RemoteWebDriver.java:217)
	at org.openqa.selenium.remote.RemoteWebDriver.<init>(RemoteWebDriver.java:140)
	at org.openqa.selenium.chrome.ChromeDriver.<init>(ChromeDriver.java:181)
	at org.openqa.selenium.chrome.ChromeDriver.<init>(ChromeDriver.java:168)
	at org.openqa.selenium.chrome.ChromeDriver.<init>(ChromeDriver.java:123)
	at practise.tutorial.Test1.toTestSomething(Test1.java:29)
... Removed 28 stack frames]]>
    </failure>
  </testcase> <!-- toTestSomething -->
</testsuite> <!-- Test -->
